\BOOKMARK [0][-]{chapter.1}{Prologue}{}% 1
\BOOKMARK [1][-]{section.1.1}{Abstract}{chapter.1}% 2
\BOOKMARK [1][-]{section.1.2}{Perspectives}{chapter.1}% 3
\BOOKMARK [1][-]{section.1.3}{Notation and terminology}{chapter.1}% 4
\BOOKMARK [2][-]{subsection.1.3.1}{Face turns}{section.1.3}% 5
\BOOKMARK [2][-]{subsection.1.3.2}{Observations}{section.1.3}% 6
\BOOKMARK [2][-]{subsection.1.3.3}{Slice turns, wide turns and cube rotations}{section.1.3}% 7
\BOOKMARK [2][-]{subsection.1.3.4}{Observations}{section.1.3}% 8
\BOOKMARK [0][-]{chapter.2}{Roux - in theory}{}% 9
\BOOKMARK [1][-]{section.2.1}{History}{chapter.2}% 10
\BOOKMARK [1][-]{section.2.2}{Idea}{chapter.2}% 11
\BOOKMARK [0][-]{chapter.3}{Roux - practical}{}% 12
\BOOKMARK [1][-]{section.3.1}{First block}{chapter.3}% 13
\BOOKMARK [1][-]{section.3.2}{Second block}{chapter.3}% 14
\BOOKMARK [1][-]{section.3.3}{Corners Last Layer}{chapter.3}% 15
\BOOKMARK [1][-]{section.3.4}{Last six edges}{chapter.3}% 16
\BOOKMARK [0][-]{chapter.4}{Appendix: Algorithms}{}% 17
\BOOKMARK [1][-]{section.4.1}{2 Look CLL}{chapter.4}% 18
\BOOKMARK [1][-]{section.4.2}{CMLL}{chapter.4}% 19
\BOOKMARK [1][-]{section.4.3}{LSE}{chapter.4}% 20
